<?xml version="1.0" encoding="UTF-8"?>
<testsuite xmlns:xsi="http://www.w3.org/2001/XMLSchema-instance" xsi:noNamespaceSchemaLocation="https://maven.apache.org/surefire/maven-surefire-plugin/xsd/surefire-test-report.xsd" name="org.springframework.denial_of_service.AppControllerTest" time="10.463" tests="5" errors="0" skipped="0" failures="0">
  <properties>
[...]
</properties>
  <testcase name="TestMultipleRequestsFromSameClient" classname="org.springframework.denial_of_service.AppControllerTest" time="0.02"/>
  <testcase name="TestMultipleRequestsFromMultipleClientIds" classname="org.springframework.denial_of_service.AppControllerTest" time="0"/>
  <testcase name="TestOneRequest" classname="org.springframework.denial_of_service.AppControllerTest" time="0"/>
  <testcase name="TestMultipleRequestsFromSameClientWithDelay" classname="org.springframework.denial_of_service.AppControllerTest" time="5.004"/>
  <testcase name="TestMultiThreaded" classname="org.springframework.denial_of_service.AppControllerTest" time="5.427"/>
</testsuite>